<?xml version="1.0" encoding="UTF-8"?>
<testsuite name="com.telran.addressbook.tests.DeleteGroupTest" tests="1" skipped="0" failures="0" errors="0" timestamp="2018-05-25T08:51:43" hostname="DESKTOP-SVC24UJ" time="0.547">
  <properties/>
  <testcase name="groupDeletionTest" classname="com.telran.addressbook.tests.DeleteGroupTest" time="0.547"/>
  <system-out><![CDATA[]]></system-out>
  <system-err><![CDATA[]]></system-err>
</testsuite>
