<?xml version="1.0" encoding="UTF-8"?>
<testsuite name="com.telran.addressbook.tests.CreateGroupTest" tests="3" skipped="0" failures="0" errors="0" timestamp="2018-05-25T08:51:38" hostname="DESKTOP-SVC24UJ" time="3.592">
  <properties/>
  <testcase name="testCreateGroupEmpty" classname="com.telran.addressbook.tests.CreateGroupTest" time="1.38"/>
  <testcase name="testCreateGroupLongName" classname="com.telran.addressbook.tests.CreateGroupTest" time="1.095"/>
  <testcase name="testCreateGroupShortName" classname="com.telran.addressbook.tests.CreateGroupTest" time="1.114"/>
  <system-out><![CDATA[]]></system-out>
  <system-err><![CDATA[]]></system-err>
</testsuite>
